[0m15:20:44.922282 [debug] [MainThread]: Sending event: {'category': 'dbt', 'action': 'invocation', 'label': 'start', 'context': [<snowplow_tracker.self_describing_json.SelfDescribingJson object at 0x0000025E33556D10>, <snowplow_tracker.self_describing_json.SelfDescribingJson object at 0x0000025E33557AD0>, <snowplow_tracker.self_describing_json.SelfDescribingJson object at 0x0000025E335586D0>]}


============================== 15:20:44.932785 | ee574e92-0b14-487b-adde-12d87f2b653b ==============================
[0m15:20:44.932785 [info ] [MainThread]: Running with dbt=1.11.6
[0m15:20:44.935327 [debug] [MainThread]: running dbt with arguments {'static_parser': 'True', 'no_print': 'None', 'version_check': 'True', 'target_path': 'None', 'warn_error_options': 'WarnErrorOptionsV2(error=[], warn=[], silence=[])', 'printer_width': '80', 'write_json': 'True', 'introspect': 'True', 'log_cache_events': 'False', 'empty': 'None', 'cache_selected_only': 'False', 'fail_fast': 'False', 'debug': 'False', 'log_format': 'default', 'partial_parse': 'True', 'send_anonymous_usage_stats': 'True', 'quiet': 'False', 'warn_error': 'None', 'profiles_dir': 'C:\\Users\\LENOVO\\.dbt', 'indirect_selection': 'eager', 'invocation_command': 'dbt init ecommerce_dbt', 'use_colors': 'True', 'use_experimental_parser': 'False', 'log_path': 'logs'}
[0m15:20:45.044315 [info ] [MainThread]: Creating dbt configuration folder at C:\Users\LENOVO\.dbt
[0m15:20:45.070618 [debug] [MainThread]: Starter project path: C:\Users\LENOVO\OneDrive\Desktop\modern-data-platform\venv\Lib\site-packages\dbt\include\starter_project
[0m15:20:48.857684 [info ] [MainThread]: 
Your new dbt project "ecommerce_dbt" was created!

For more information on how to configure the profiles.yml file,
please consult the dbt documentation here:

  https://docs.getdbt.com/docs/configure-your-profile

One more thing:

Need help? Don't hesitate to reach out to us via GitHub issues or on Slack:

  https://community.getdbt.com/

Happy modeling!

[0m15:20:48.946163 [info ] [MainThread]: Setting up your profile.
[0m15:21:23.464428 [info ] [MainThread]: Profile ecommerce_dbt written to C:\Users\LENOVO\.dbt\profiles.yml using target's sample configuration. Once updated, you'll be able to start developing with dbt.
[0m15:21:23.466480 [debug] [MainThread]: Command `dbt init` succeeded at 15:21:23.465483 after 38.89 seconds
[0m15:21:23.467534 [debug] [MainThread]: Sending event: {'category': 'dbt', 'action': 'invocation', 'label': 'end', 'context': [<snowplow_tracker.self_describing_json.SelfDescribingJson object at 0x0000025E2C7BF890>, <snowplow_tracker.self_describing_json.SelfDescribingJson object at 0x0000025E2C808750>, <snowplow_tracker.self_describing_json.SelfDescribingJson object at 0x0000025E32FF0E10>]}
[0m15:21:23.468650 [debug] [MainThread]: Flushing usage events
[0m15:21:24.389588 [debug] [MainThread]: An error was encountered while trying to flush usage events
